NAMESPACE            NAME                                             READY   STATUS      RESTARTS   AGE
ingress-nginx        pod/ingress-nginx-admission-create-dbg9k         0/1     Completed   0          6m37s
ingress-nginx        pod/ingress-nginx-admission-patch-cp2tw          0/1     Completed   2          6m38s
ingress-nginx        pod/ingress-nginx-controller-d45d995d4-w7hc4     1/1     Running     0          6m38s
kube-system          pod/coredns-7db6d8ff4d-ck8h8                     1/1     Running     0          6m53s
kube-system          pod/coredns-7db6d8ff4d-pnqnb                     1/1     Running     0          6m53s
kube-system          pod/etcd-kind-control-plane                      1/1     Running     0          7m7s
kube-system          pod/kindnet-2vh97                                1/1     Running     0          6m51s
kube-system          pod/kindnet-92rsr                                1/1     Running     0          6m50s
kube-system          pod/kindnet-fzmd5                                1/1     Running     0          6m49s
kube-system          pod/kindnet-jm7lx                                1/1     Running     0          6m53s
kube-system          pod/kindnet-l4xxw                                1/1     Running     0          6m52s
kube-system          pod/kindnet-mhcrc                                1/1     Running     0          6m51s
kube-system          pod/kindnet-z9n6x                                1/1     Running     0          6m49s
kube-system          pod/kube-apiserver-kind-control-plane            1/1     Running     0          7m7s
kube-system          pod/kube-controller-manager-kind-control-plane   1/1     Running     0          7m8s
kube-system          pod/kube-proxy-7hfr6                             1/1     Running     0          6m52s
kube-system          pod/kube-proxy-85pp8                             1/1     Running     0          6m51s
kube-system          pod/kube-proxy-dxthz                             1/1     Running     0          6m51s
kube-system          pod/kube-proxy-n4wkn                             1/1     Running     0          6m49s
kube-system          pod/kube-proxy-tvjvr                             1/1     Running     0          6m49s
kube-system          pod/kube-proxy-vlgp6                             1/1     Running     0          6m50s
kube-system          pod/kube-proxy-wpgls                             1/1     Running     0          6m53s
kube-system          pod/kube-scheduler-kind-control-plane            1/1     Running     0          7m7s
local-path-storage   pod/local-path-provisioner-988d74bc-46lch        1/1     Running     0          6m53s
mysql                pod/mysql-0                                      1/1     Running     0          5m40s
mysql                pod/mysql-1                                      1/1     Running     0          3m41s
todoapp              pod/todoapp-5f4748c574-47rpw                     1/1     Running     0          5m40s
todoapp              pod/todoapp-5f4748c574-lxsrw                     1/1     Running     0          5m25s

NAMESPACE       NAME                                         TYPE        CLUSTER-IP      EXTERNAL-IP   PORT(S)                      AGE
default         service/kubernetes                           ClusterIP   10.96.0.1       <none>        443/TCP                      7m8s
ingress-nginx   service/ingress-nginx-controller             NodePort    10.96.245.213   <none>        80:30519/TCP,443:31916/TCP   6m39s
ingress-nginx   service/ingress-nginx-controller-admission   ClusterIP   10.96.221.77    <none>        443/TCP                      6m38s
kube-system     service/kube-dns                             ClusterIP   10.96.0.10      <none>        53/UDP,53/TCP,9153/TCP       7m7s
mysql           service/mysql                                ClusterIP   None            <none>        3306/TCP                     5m40s
todoapp         service/todoapp-nodeport                     NodePort    10.96.177.202   <none>        80:30007/TCP                 5m40s
todoapp         service/todoapp-service                      ClusterIP   10.96.220.191   <none>        80/TCP                       5m40s

NAMESPACE     NAME                        DESIRED   CURRENT   READY   UP-TO-DATE   AVAILABLE   NODE SELECTOR            AGE
kube-system   daemonset.apps/kindnet      7         7         7       7            7           kubernetes.io/os=linux   7m5s
kube-system   daemonset.apps/kube-proxy   7         7         7       7            7           kubernetes.io/os=linux   7m7s

NAMESPACE            NAME                                       READY   UP-TO-DATE   AVAILABLE   AGE
ingress-nginx        deployment.apps/ingress-nginx-controller   1/1     1            1           6m38s
kube-system          deployment.apps/coredns                    2/2     2            2           7m8s
local-path-storage   deployment.apps/local-path-provisioner     1/1     1            1           7m4s
todoapp              deployment.apps/todoapp                    2/2     2            2           5m40s

NAMESPACE            NAME                                                 DESIRED   CURRENT   READY   AGE
ingress-nginx        replicaset.apps/ingress-nginx-controller-d45d995d4   1         1         1       6m38s
kube-system          replicaset.apps/coredns-7db6d8ff4d                   2         2         2       6m54s
local-path-storage   replicaset.apps/local-path-provisioner-988d74bc      1         1         1       6m54s
todoapp              replicaset.apps/todoapp-5f4748c574                   2         2         2       5m40s

NAMESPACE   NAME                     READY   AGE
mysql       statefulset.apps/mysql   2/2     5m40s

NAMESPACE   NAME                                          REFERENCE            TARGETS                                     MINPODS   MAXPODS   REPLICAS   AGE
todoapp     horizontalpodautoscaler.autoscaling/todoapp   Deployment/todoapp   cpu: <unknown>/70%, memory: <unknown>/70%   2         5         2          5m40s

NAMESPACE       NAME                                       STATUS     COMPLETIONS   DURATION   AGE
ingress-nginx   job.batch/ingress-nginx-admission-create   Complete   1/1           16s        6m38s
ingress-nginx   job.batch/ingress-nginx-admission-patch    Complete   1/1           31s        6m38s

NAMESPACE            NAME                                                             DATA   AGE
default              configmap/kube-root-ca.crt                                       1      6m53s
ingress-nginx        configmap/ingress-nginx-controller                               1      6m39s
ingress-nginx        configmap/kube-root-ca.crt                                       1      6m41s
kube-node-lease      configmap/kube-root-ca.crt                                       1      6m53s
kube-public          configmap/cluster-info                                           2      7m8s
kube-public          configmap/kube-root-ca.crt                                       1      6m53s
kube-system          configmap/coredns                                                1      7m8s
kube-system          configmap/extension-apiserver-authentication                     6      7m10s
kube-system          configmap/kube-apiserver-legacy-service-account-token-tracking   1      7m10s
kube-system          configmap/kube-proxy                                             2      7m7s
kube-system          configmap/kube-root-ca.crt                                       1      6m53s
kube-system          configmap/kubeadm-config                                         1      7m8s
kube-system          configmap/kubelet-config                                         1      7m8s
local-path-storage   configmap/kube-root-ca.crt                                       1      6m53s
local-path-storage   configmap/local-path-config                                      4      7m4s
mysql                configmap/kube-root-ca.crt                                       1      5m41s
mysql                configmap/mysql                                                  1      5m40s
todoapp              configmap/kube-root-ca.crt                                       1      5m41s
todoapp              configmap/todoapp-config                                         1      5m40s

NAMESPACE       NAME                                   TYPE                            DATA   AGE
default         secret/sh.helm.release.v1.todoapp.v1   helm.sh/release.v1              1      5m41s
ingress-nginx   secret/ingress-nginx-admission         Opaque                          3      6m25s
kube-system     secret/bootstrap-token-abcdef          bootstrap.kubernetes.io/token   6      7m8s
mysql           secret/mysql-secrets                   Opaque                          3      5m40s
todoapp         secret/todoapp-secret                  Opaque                          5      5m40s

NAMESPACE   NAME                                        CLASS    HOSTS   ADDRESS     PORTS   AGE
todoapp     ingress.networking.k8s.io/todoapp-ingress   <none>   *       localhost   80      5m40s
